#
# An unexpected error has occurred (6)
#
Stack:
/lib/x86_64-linux-gnu/libc.so.6(+0x42520) [0x739ded042520]
/lib/x86_64-linux-gnu/libc.so.6(pthread_kill+0x12c) [0x739ded0969fc]
/lib/x86_64-linux-gnu/libc.so.6(raise+0x16) [0x739ded042476]
/lib/x86_64-linux-gnu/libc.so.6(abort+0xd3) [0x739ded0287f3]
/lib/x86_64-linux-gnu/libc.so.6(+0x2871b) [0x739ded02871b]
/lib/x86_64-linux-gnu/libc.so.6(+0x39e96) [0x739ded039e96]
/lib/x86_64-linux-gnu/libc.so.6(+0x9d139) [0x739ded09d139]
/lib/x86_64-linux-gnu/libc.so.6(+0x979cd) [0x739ded0979cd]
/home/leo_mrmd/Vivado/2022.2/lib/lnx64.o/libboost_thread.so(+0x1a538) [0x739deb41a538]
/home/leo_mrmd/Vivado/2022.2/lib/lnx64.o/libboost_thread.so(boost::thread::native_handle()+0x26) [0x739deb4141d6]
/home/leo_mrmd/Vivado/2022.2/lib/lnx64.o/librdi_simbridge_kernel.so(SimBridge::WdbSharedMemReader::~WdbSharedMemReader()+0x1b) [0x739de13c7d0b]
/home/leo_mrmd/Vivado/2022.2/lib/lnx64.o/librdi_simbridge_kernel.so(SimBridge::WdbLiveReader::~WdbLiveReader()+0x53) [0x739de13b6863]
/home/leo_mrmd/Vivado/2022.2/lib/lnx64.o/librdi_simbridge_kernel.so(SimBridge::WdbLiveReader::~WdbLiveReader()+0x9) [0x739de13b6b19]
/home/leo_mrmd/Vivado/2022.2/lib/lnx64.o/librdi_wavedata.so(SimBridge::DataObjMgr::~DataObjMgr()+0x39) [0x739dbd684799]
/home/leo_mrmd/Vivado/2022.2/lib/lnx64.o/librdi_wavedata.so(+0x2a6442) [0x739dbd6a6442]
/home/leo_mrmd/Vivado/2022.2/lib/lnx64.o/librdi_wavedata.so(SimBridge::DataReader::~DataReader()+0x28) [0x739dbd6959c8]
/home/leo_mrmd/Vivado/2022.2/lib/lnx64.o/librdi_wavedata.so(+0x2ebaea) [0x739dbd6ebaea]
/home/leo_mrmd/Vivado/2022.2/lib/lnx64.o/librdi_wavedata.so(SimBridge::LiveSimClient::~LiveSimClient()+0x9) [0x739dbd6ea409]
/home/leo_mrmd/Vivado/2022.2/lib/lnx64.o/librdi_simdata.so(RSDData::RSDLiveSimulationObject::closeLiveSimClient()+0x6b) [0x739de855c85b]
/home/leo_mrmd/Vivado/2022.2/lib/lnx64.o/librdi_simdata.so(RSDData::RSDLiveSimulationObject::convertToStatic()+0xe3) [0x739de855cb53]
/home/leo_mrmd/Vivado/2022.2/lib/lnx64.o/librdi_simtcltasks.so(+0x22a967) [0x739d7402a967]
/home/leo_mrmd/Vivado/2022.2/lib/lnx64.o/librdi_common.so(+0xb9430f) [0x739dee79430f]
/home/leo_mrmd/Vivado/2022.2/lib/lnx64.o/libtcl8.5.so(+0x3356f) [0x739de7e3356f]
/home/leo_mrmd/Vivado/2022.2/lib/lnx64.o/libtcl8.5.so(+0x76945) [0x739de7e76945]
/home/leo_mrmd/Vivado/2022.2/lib/lnx64.o/libtcl8.5.so(+0x7e0f9) [0x739de7e7e0f9]
/home/leo_mrmd/Vivado/2022.2/lib/lnx64.o/libtcl8.5.so(TclEvalObjEx+0x76) [0x739de7e35216]
/home/leo_mrmd/Vivado/2022.2/lib/lnx64.o/librdi_common.so(hdi::tcltasks::task_manager::eval_in_tcl(Tcl_Interp*, Tcl_Obj*, char const*, bool)+0x7ad) [0x739dee7926fd]
/home/leo_mrmd/Vivado/2022.2/lib/lnx64.o/librdi_common.so(hdi::tcltasks::task_manager::eval_in_tcl(Tcl_Interp*, char const*, char const*, bool)+0xda) [0x739dee792d4a]
/home/leo_mrmd/Vivado/2022.2/lib/lnx64.o/librdi_common.so(hdi::tcltasks::task_manager::eval_in_tcl_throw(Tcl_Interp*, char const*, char const*, bool)+0x9) [0x739dee792dd9]
/home/leo_mrmd/Vivado/2022.2/lib/lnx64.o/librdi_simtcltasks.so(+0x20ed76) [0x739d7400ed76]
/home/leo_mrmd/Vivado/2022.2/lib/lnx64.o/librdi_common.so(+0xb9430f) [0x739dee79430f]
/home/leo_mrmd/Vivado/2022.2/lib/lnx64.o/libtcl8.5.so(+0x3356f) [0x739de7e3356f]
/home/leo_mrmd/Vivado/2022.2/lib/lnx64.o/libtcl8.5.so(+0x76945) [0x739de7e76945]
/home/leo_mrmd/Vivado/2022.2/lib/lnx64.o/libtcl8.5.so(+0x7e0f9) [0x739de7e7e0f9]
/home/leo_mrmd/Vivado/2022.2/lib/lnx64.o/libtcl8.5.so(TclEvalObjEx+0x76) [0x739de7e35216]
/home/leo_mrmd/Vivado/2022.2/lib/lnx64.o/librdi_common.so(+0xb91c33) [0x739dee791c33]
/home/leo_mrmd/Vivado/2022.2/lib/lnx64.o/libtcl8.5.so(Tcl_ServiceEvent+0x7f) [0x739de7ea7bef]
/home/leo_mrmd/Vivado/2022.2/lib/lnx64.o/libtcl8.5.so(Tcl_DoOneEvent+0x154) [0x739de7ea7f24]
/home/leo_mrmd/Vivado/2022.2/lib/lnx64.o/librdi_commontasks.so(+0x2b3c27) [0x739de0eb3c27]
/home/leo_mrmd/Vivado/2022.2/lib/lnx64.o/librdi_commontasks.so(+0x2bc4f7) [0x739de0ebc4f7]
/home/leo_mrmd/Vivado/2022.2/lib/lnx64.o/librdi_commontasks.so(+0x2bcdff) [0x739de0ebcdff]
/home/leo_mrmd/Vivado/2022.2/lib/lnx64.o/librdi_common.so(+0xb9430f) [0x739dee79430f]
/home/leo_mrmd/Vivado/2022.2/lib/lnx64.o/libtcl8.5.so(+0x3356f) [0x739de7e3356f]
/home/leo_mrmd/Vivado/2022.2/lib/lnx64.o/libtcl8.5.so(+0x76945) [0x739de7e76945]
/home/leo_mrmd/Vivado/2022.2/lib/lnx64.o/libtcl8.5.so(+0x7e0f9) [0x739de7e7e0f9]
/home/leo_mrmd/Vivado/2022.2/lib/lnx64.o/libtcl8.5.so(TclEvalObjEx+0x76) [0x739de7e35216]
/home/leo_mrmd/Vivado/2022.2/lib/lnx64.o/librdi_commonmain.so(+0xc3d8) [0x739def2c93d8]
/home/leo_mrmd/Vivado/2022.2/lib/lnx64.o/libtcl8.5.so(Tcl_Main+0x1d0) [0x739de7ea02f0]
/home/leo_mrmd/Vivado/2022.2/lib/lnx64.o/librdi_common.so(+0xbc17ab) [0x739dee7c17ab]
/lib/x86_64-linux-gnu/libc.so.6(+0x94ac3) [0x739ded094ac3]
/lib/x86_64-linux-gnu/libc.so.6(+0x126850) [0x739ded126850]
